{"type":"server-started","port":62294,"host":"127.0.0.1","url_host":"localhost","url":"http://localhost:62294","screen_dir":"/Users/madschristiansen/Desktop/skrivebord/kea/4SEM/9t7/9tseven-website/.superpowers/brainstorm/6833-1776079419/content","state_dir":"/Users/madschristiansen/Desktop/skrivebord/kea/4SEM/9t7/9tseven-website/.superpowers/brainstorm/6833-1776079419/state"}
{"type":"screen-added","file":"/Users/madschristiansen/Desktop/skrivebord/kea/4SEM/9t7/9tseven-website/.superpowers/brainstorm/6833-1776079419/content/sections-overview.html"}
{"type":"screen-updated","file":"/Users/madschristiansen/Desktop/skrivebord/kea/4SEM/9t7/9tseven-website/.superpowers/brainstorm/6833-1776079419/content/sections-overview.html"}
{"type":"screen-updated","file":"/Users/madschristiansen/Desktop/skrivebord/kea/4SEM/9t7/9tseven-website/.superpowers/brainstorm/6833-1776079419/content/sections-overview.html"}
{"type":"screen-updated","file":"/Users/madschristiansen/Desktop/skrivebord/kea/4SEM/9t7/9tseven-website/.superpowers/brainstorm/6833-1776079419/content/sections-overview.html"}
{"type":"screen-added","file":"/Users/madschristiansen/Desktop/skrivebord/kea/4SEM/9t7/9tseven-website/.superpowers/brainstorm/6833-1776079419/content/sections-correct.html"}
{"type":"screen-updated","file":"/Users/madschristiansen/Desktop/skrivebord/kea/4SEM/9t7/9tseven-website/.superpowers/brainstorm/6833-1776079419/content/sections-correct.html"}
{"type":"screen-updated","file":"/Users/madschristiansen/Desktop/skrivebord/kea/4SEM/9t7/9tseven-website/.superpowers/brainstorm/6833-1776079419/content/sections-correct.html"}
{"type":"screen-updated","file":"/Users/madschristiansen/Desktop/skrivebord/kea/4SEM/9t7/9tseven-website/.superpowers/brainstorm/6833-1776079419/content/sections-correct.html"}
{"type":"screen-added","file":"/Users/madschristiansen/Desktop/skrivebord/kea/4SEM/9t7/9tseven-website/.superpowers/brainstorm/6833-1776079419/content/sections-v2.html"}
{"type":"screen-updated","file":"/Users/madschristiansen/Desktop/skrivebord/kea/4SEM/9t7/9tseven-website/.superpowers/brainstorm/6833-1776079419/content/sections-v2.html"}
{"type":"screen-updated","file":"/Users/madschristiansen/Desktop/skrivebord/kea/4SEM/9t7/9tseven-website/.superpowers/brainstorm/6833-1776079419/content/sections-v2.html"}
{"type":"screen-added","file":"/Users/madschristiansen/Desktop/skrivebord/kea/4SEM/9t7/9tseven-website/.superpowers/brainstorm/6833-1776079419/content/sections-v3.html"}
{"type":"screen-updated","file":"/Users/madschristiansen/Desktop/skrivebord/kea/4SEM/9t7/9tseven-website/.superpowers/brainstorm/6833-1776079419/content/sections-v3.html"}
{"type":"screen-updated","file":"/Users/madschristiansen/Desktop/skrivebord/kea/4SEM/9t7/9tseven-website/.superpowers/brainstorm/6833-1776079419/content/sections-v3.html"}
{"type":"screen-added","file":"/Users/madschristiansen/Desktop/skrivebord/kea/4SEM/9t7/9tseven-website/.superpowers/brainstorm/6833-1776079419/content/sections-v4.html"}
{"type":"screen-updated","file":"/Users/madschristiansen/Desktop/skrivebord/kea/4SEM/9t7/9tseven-website/.superpowers/brainstorm/6833-1776079419/content/sections-v4.html"}
{"type":"screen-updated","file":"/Users/madschristiansen/Desktop/skrivebord/kea/4SEM/9t7/9tseven-website/.superpowers/brainstorm/6833-1776079419/content/sections-v4.html"}
{"type":"screen-updated","file":"/Users/madschristiansen/Desktop/skrivebord/kea/4SEM/9t7/9tseven-website/.superpowers/brainstorm/6833-1776079419/content/sections-v4.html"}
{"type":"screen-updated","file":"/Users/madschristiansen/Desktop/skrivebord/kea/4SEM/9t7/9tseven-website/.superpowers/brainstorm/6833-1776079419/content/sections-v4.html"}
{"type":"screen-updated","file":"/Users/madschristiansen/Desktop/skrivebord/kea/4SEM/9t7/9tseven-website/.superpowers/brainstorm/6833-1776079419/content/sections-v4.html"}
{"type":"screen-updated","file":"/Users/madschristiansen/Desktop/skrivebord/kea/4SEM/9t7/9tseven-website/.superpowers/brainstorm/6833-1776079419/content/sections-v4.html"}
{"type":"screen-updated","file":"/Users/madschristiansen/Desktop/skrivebord/kea/4SEM/9t7/9tseven-website/.superpowers/brainstorm/6833-1776079419/content/sections-v4.html"}
{"type":"screen-updated","file":"/Users/madschristiansen/Desktop/skrivebord/kea/4SEM/9t7/9tseven-website/.superpowers/brainstorm/6833-1776079419/content/sections-v4.html"}
{"type":"screen-updated","file":"/Users/madschristiansen/Desktop/skrivebord/kea/4SEM/9t7/9tseven-website/.superpowers/brainstorm/6833-1776079419/content/sections-v4.html"}
{"type":"screen-updated","file":"/Users/madschristiansen/Desktop/skrivebord/kea/4SEM/9t7/9tseven-website/.superpowers/brainstorm/6833-1776079419/content/sections-v4.html"}
{"type":"screen-updated","file":"/Users/madschristiansen/Desktop/skrivebord/kea/4SEM/9t7/9tseven-website/.superpowers/brainstorm/6833-1776079419/content/sections-v4.html"}
{"type":"screen-updated","file":"/Users/madschristiansen/Desktop/skrivebord/kea/4SEM/9t7/9tseven-website/.superpowers/brainstorm/6833-1776079419/content/sections-v4.html"}
{"type":"screen-updated","file":"/Users/madschristiansen/Desktop/skrivebord/kea/4SEM/9t7/9tseven-website/.superpowers/brainstorm/6833-1776079419/content/sections-v4.html"}
{"type":"screen-updated","file":"/Users/madschristiansen/Desktop/skrivebord/kea/4SEM/9t7/9tseven-website/.superpowers/brainstorm/6833-1776079419/content/sections-v4.html"}
{"type":"screen-updated","file":"/Users/madschristiansen/Desktop/skrivebord/kea/4SEM/9t7/9tseven-website/.superpowers/brainstorm/6833-1776079419/content/sections-v4.html"}
{"type":"screen-updated","file":"/Users/madschristiansen/Desktop/skrivebord/kea/4SEM/9t7/9tseven-website/.superpowers/brainstorm/6833-1776079419/content/sections-v4.html"}
{"type":"screen-updated","file":"/Users/madschristiansen/Desktop/skrivebord/kea/4SEM/9t7/9tseven-website/.superpowers/brainstorm/6833-1776079419/content/sections-v4.html"}
{"type":"screen-updated","file":"/Users/madschristiansen/Desktop/skrivebord/kea/4SEM/9t7/9tseven-website/.superpowers/brainstorm/6833-1776079419/content/sections-v4.html"}
{"type":"screen-updated","file":"/Users/madschristiansen/Desktop/skrivebord/kea/4SEM/9t7/9tseven-website/.superpowers/brainstorm/6833-1776079419/content/sections-v4.html"}
{"type":"screen-updated","file":"/Users/madschristiansen/Desktop/skrivebord/kea/4SEM/9t7/9tseven-website/.superpowers/brainstorm/6833-1776079419/content/sections-v4.html"}
{"type":"screen-updated","file":"/Users/madschristiansen/Desktop/skrivebord/kea/4SEM/9t7/9tseven-website/.superpowers/brainstorm/6833-1776079419/content/sections-v4.html"}
{"type":"screen-updated","file":"/Users/madschristiansen/Desktop/skrivebord/kea/4SEM/9t7/9tseven-website/.superpowers/brainstorm/6833-1776079419/content/sections-v4.html"}
{"type":"screen-updated","file":"/Users/madschristiansen/Desktop/skrivebord/kea/4SEM/9t7/9tseven-website/.superpowers/brainstorm/6833-1776079419/content/sections-v4.html"}
{"type":"screen-updated","file":"/Users/madschristiansen/Desktop/skrivebord/kea/4SEM/9t7/9tseven-website/.superpowers/brainstorm/6833-1776079419/content/sections-v4.html"}
{"type":"screen-updated","file":"/Users/madschristiansen/Desktop/skrivebord/kea/4SEM/9t7/9tseven-website/.superpowers/brainstorm/6833-1776079419/content/sections-v4.html"}
{"type":"screen-updated","file":"/Users/madschristiansen/Desktop/skrivebord/kea/4SEM/9t7/9tseven-website/.superpowers/brainstorm/6833-1776079419/content/sections-v4.html"}
{"type":"screen-updated","file":"/Users/madschristiansen/Desktop/skrivebord/kea/4SEM/9t7/9tseven-website/.superpowers/brainstorm/6833-1776079419/content/sections-v4.html"}
{"type":"screen-updated","file":"/Users/madschristiansen/Desktop/skrivebord/kea/4SEM/9t7/9tseven-website/.superpowers/brainstorm/6833-1776079419/content/sections-v4.html"}
{"type":"screen-updated","file":"/Users/madschristiansen/Desktop/skrivebord/kea/4SEM/9t7/9tseven-website/.superpowers/brainstorm/6833-1776079419/content/sections-v4.html"}
{"type":"screen-updated","file":"/Users/madschristiansen/Desktop/skrivebord/kea/4SEM/9t7/9tseven-website/.superpowers/brainstorm/6833-1776079419/content/sections-v4.html"}
{"type":"server-stopped","reason":"idle timeout"}
